<?xml version="1.0" encoding="UTF-8"?>
<testsuite name="inheritance.LibraryTest" tests="3" skipped="0" failures="0" errors="0" timestamp="2022-09-14T01:39:13" hostname="LAPTOP-E2TEV7O1" time="0.024">
  <properties/>
  <testcase name="testingRestaurantRating()" classname="inheritance.LibraryTest" time="0.013"/>
  <testcase name="testAddReview()" classname="inheritance.LibraryTest" time="0.009"/>
  <testcase name="testAddingRestaurantName()" classname="inheritance.LibraryTest" time="0.0"/>
  <system-out><![CDATA[Review: I am very unsure about testing Reviewed by Zork Stars received: 5
]]></system-out>
  <system-err><![CDATA[]]></system-err>
</testsuite>
