<?xml version="1.0" encoding="UTF-8"?>
<testsuite name="basiclibrary.LibraryTest" tests="1" skipped="0" failures="0" errors="0" timestamp="2022-08-17T23:25:55" hostname="LAPTOP-E2TEV7O1" time="0.016">
  <properties/>
  <testcase name="winner()" classname="basiclibrary.LibraryTest" time="0.016"/>
  <system-out><![CDATA[Bush received the most votes!
]]></system-out>
  <system-err><![CDATA[]]></system-err>
</testsuite>
